'2026.02.25T11:22:16.329 -p
'2026.02.25T11:26:02.994 logging.q. OS reports: No such file or directory
  [2]  /home/pmcnamee/advanced-kdb-tick-arch/kdb-tick/tick/rdb1.q:3: \l logging.q
                                                                     ^
'2026.02.25T11:38:45.003 tick/logging.q. OS reports: No such file or directory
  [2]  /home/pmcnamee/advanced-kdb-tick-arch/kdb-tick/tick/rdb1.q:3: \l tick/logging.q
                                                                     ^
'2026.02.25T11:40:35.899 logging.q. OS reports: No such file or directory
  [2]  /home/pmcnamee/advanced-kdb-tick-arch/kdb-tick/tick/rdb1.q:3: \l logging.q
                                                                     ^
'2026.02.25T11:42:21.973 advanced-kdb-tick-arch/logging.q. OS reports: No such file or directory
  [2]  /home/pmcnamee/advanced-kdb-tick-arch/kdb-tick/tick/rdb1.q:3: \l advanced-kdb-tick-arch/logging.q
                                                                     ^
'2026.02.25T11:44:30.138 home/pmcnamee/advanced-kdb-tick-arch/logging.q. OS reports: No such file or directory
  [2]  /home/pmcnamee/advanced-kdb-tick-arch/kdb-tick/tick/rdb1.q:4: \l home/pmcnamee/advanced-kdb-tick-arch/logging.q
                                                                     ^
'2026.02.25T11:46:56.419 kdb-tick/logging.q. OS reports: No such file or directory
  [2]  /home/pmcnamee/advanced-kdb-tick-arch/kdb-tick/tick/rdb1.q:4: \l kdb-tick/logging.q
                                                                     ^
'2026.02.25T11:48:55.364 schema.q. OS reports: No such file or directory
  [2]  /home/pmcnamee/advanced-kdb-tick-arch/kdb-tick/tick/rdb1.q:5: \l schema.q
                                                                     ^
'2026.02.25T11:58:31.649 schema.q. OS reports: No such file or directory
  [2]  /home/pmcnamee/advanced-kdb-tick-arch/kdb-tick/tick/rdb1.q:5: \l schema.q
                                                                     ^
